<?xml version="1.0" encoding="UTF-8"?>
<!-- Generated by org.testng.reporters.JUnitReportReporter -->
<testsuite hostname="DESKTOP-7FQSF63" failures="0" tests="4" name="api.testcases.UserTestSwagger" time="8.429" errors="0" timestamp="2024-02-23T18:39:08 IST" skipped="0">
  <testcase classname="api.testcases.UserTestSwagger" name="testCreateUser" time="2.732"/>
  <system-out/>
  <testcase classname="api.testcases.UserTestSwagger" name="testGetUser" time="1.319"/>
  <system-out/>
  <testcase classname="api.testcases.UserTestSwagger" name="testUpdateUser" time="2.750"/>
  <system-out/>
  <testcase classname="api.testcases.UserTestSwagger" name="testDeleteUser" time="1.628"/>
  <system-out/>
</testsuite> <!-- api.testcases.UserTestSwagger -->
