<?xml version="1.0" encoding="UTF-8"?>
<!-- Generated by org.testng.reporters.JUnitReportReporter -->
<testsuite hostname="DESKTOP-7FQSF63" failures="0" tests="5" name="api.testcases.UserTest" time="4.719" errors="0" timestamp="2024-02-16T16:43:41 IST" skipped="4">
  <testcase classname="api.testcases.UserTest" name="getRates" time="4.719"/>
  <system-out/>
  <testcase classname="api.testcases.UserTest" name="testDeleteUser">
    <skipped/>
  </testcase> <!-- testDeleteUser -->
  <system-out/>
  <testcase classname="api.testcases.UserTest" name="testUpdateUser">
    <skipped/>
  </testcase> <!-- testUpdateUser -->
  <system-out/>
  <testcase classname="api.testcases.UserTest" name="testCreateUser">
    <skipped/>
  </testcase> <!-- testCreateUser -->
  <system-out/>
  <testcase classname="api.testcases.UserTest" name="testGetUser">
    <skipped/>
  </testcase> <!-- testGetUser -->
  <system-out/>
</testsuite> <!-- api.testcases.UserTest -->
