<?xml version="1.0" encoding="UTF-8"?>
<!-- Generated by org.testng.reporters.JUnitReportReporter -->
<testsuite hostname="DESKTOP-7FQSF63" failures="0" tests="2" name="api.testcases.SwaggerPetTestCase" time="4.471" errors="0" timestamp="2024-02-23T18:39:08 IST" skipped="0">
  <testcase classname="api.testcases.SwaggerPetTestCase" name="addPetTestCase_01" time="2.699"/>
  <system-out/>
  <testcase classname="api.testcases.SwaggerPetTestCase" name="getPetByIdTestcase_02" time="1.772"/>
  <system-out/>
</testsuite> <!-- api.testcases.SwaggerPetTestCase -->
